<?xml version="1.0" encoding="UTF-8"?>
<!-- Generated by org.testng.reporters.JUnitReportReporter -->
<testsuite hostname="LAPTOP-ESTH9LKK" failures="0" tests="1" name="test1.Addtocart1" time="6.265" errors="0" timestamp="2023-11-01T19:49:59 IST" skipped="0">
  <testcase classname="test1.Addtocart1" name="addcart" time="6.265"/>
</testsuite> <!-- test1.Addtocart1 -->
