<?xml version="1.0" encoding="UTF-8"?>
<!-- Generated by org.testng.reporters.JUnitReportReporter -->
<testsuite hostname="LAPTOP-ESTH9LKK" failures="0" tests="1" name="test1.NavigatingToFlipkart" time="3.090" errors="0" timestamp="2023-11-02T19:21:19 IST" skipped="0">
  <testcase classname="test1.NavigatingToFlipkart" name="FlipSearch" time="3.090"/>
</testsuite> <!-- test1.NavigatingToFlipkart -->
