<?xml version="1.0" encoding="UTF-8"?>
<!-- Generated by org.testng.reporters.JUnitReportReporter -->
<testsuite hostname="LAPTOP-ESTH9LKK" failures="0" tests="1" name="test1.LoginPage" time="12.714" errors="0" timestamp="2023-11-02T19:12:45 IST" skipped="0">
  <testcase classname="test1.LoginPage" name="test" time="12.714"/>
</testsuite> <!-- test1.LoginPage -->
