<?xml version="1.0" encoding="UTF-8"?>
<!-- Generated by org.testng.reporters.JUnitReportReporter -->
<testsuite hostname="LAPTOP-ESTH9LKK" failures="0" tests="1" name="test1.loginpage1" time="0.197" errors="0" timestamp="2023-11-02T19:12:20 IST" skipped="0">
  <testcase classname="test1.loginpage1" name="login" time="0.197"/>
</testsuite> <!-- test1.loginpage1 -->
