<?xml version="1.0" encoding="UTF-8"?>
<!-- Generated by org.testng.reporters.JUnitReportReporter -->
<testsuite hostname="LAPTOP-ESTH9LKK" failures="0" tests="1" name="test1.SearchFlights" time="0.408" errors="0" timestamp="2023-11-02T18:59:22 IST" skipped="0">
  <testcase classname="test1.SearchFlights" name="searchFlights" time="0.408"/>
</testsuite> <!-- test1.SearchFlights -->
